info: ::1 - - [18/Jun/2024:03:00:00 +0000] "POST /user/register HTTP/1.1" 200 271 "-" "PostmanRuntime/7.39.0" {"timestamp":"2024-06-18T03:00:00.802Z"}
error: Error creating new user: Validation error {"timestamp":"2024-06-18T03:00:33.360Z"}
info: ::1 - - [18/Jun/2024:03:00:33 +0000] "POST /user/register HTTP/1.1" 400 46 "-" "PostmanRuntime/7.39.0" {"timestamp":"2024-06-18T03:00:33.362Z"}
info: ::1 - - [18/Jun/2024:06:04:28 +0000] "GET /product/all HTTP/1.1" 200 2 "-" "PostmanRuntime/7.39.0" {"timestamp":"2024-06-18T06:04:28.751Z"}
error: Error fetching product: invalid input syntax for type integer: "create" {"timestamp":"2024-06-18T06:04:40.166Z"}
info: ::1 - - [18/Jun/2024:06:04:40 +0000] "GET /product/create HTTP/1.1" 400 79 "-" "PostmanRuntime/7.39.0" {"timestamp":"2024-06-18T06:04:40.168Z"}
info: ::1 - - [18/Jun/2024:06:05:01 +0000] "GET /product/all HTTP/1.1" 200 2 "-" "PostmanRuntime/7.39.0" {"timestamp":"2024-06-18T06:05:01.757Z"}
error: Error fetching product: invalid input syntax for type integer: "create" {"timestamp":"2024-06-18T06:07:17.662Z"}
info: ::1 - - [18/Jun/2024:06:07:17 +0000] "GET /product/create HTTP/1.1" 400 79 "-" "PostmanRuntime/7.39.0" {"timestamp":"2024-06-18T06:07:17.663Z"}
error: Error fetching product: invalid input syntax for type integer: "create" {"timestamp":"2024-06-18T06:08:42.625Z"}
info: ::1 - - [18/Jun/2024:06:08:42 +0000] "GET /product/create HTTP/1.1" 400 79 "-" "PostmanRuntime/7.39.0" {"timestamp":"2024-06-18T06:08:42.627Z"}
error: Error fetching product: invalid input syntax for type integer: "create" {"timestamp":"2024-06-18T06:11:45.437Z"}
info: ::1 - - [18/Jun/2024:06:11:45 +0000] "GET /product/create HTTP/1.1" 400 79 "-" "PostmanRuntime/7.39.0" {"timestamp":"2024-06-18T06:11:45.443Z"}
info: ::1 - - [18/Jun/2024:06:17:08 +0000] "POST /product/create HTTP/1.1" 200 377 "-" "PostmanRuntime/7.39.0" {"timestamp":"2024-06-18T06:17:08.390Z"}
info: ::1 - - [18/Jun/2024:06:18:24 +0000] "GET /product/all HTTP/1.1" 200 307 "-" "PostmanRuntime/7.39.0" {"timestamp":"2024-06-18T06:18:24.655Z"}
info: ::1 - - [18/Jun/2024:06:26:41 +0000] "GET /product/1 HTTP/1.1" 200 305 "-" "PostmanRuntime/7.39.0" {"timestamp":"2024-06-18T06:26:41.207Z"}
error: Error creating new product: WHERE parameter "id" has invalid "undefined" value {"timestamp":"2024-06-18T06:32:29.507Z"}
info: ::1 - - [18/Jun/2024:06:32:29 +0000] "PUT /product/1 HTTP/1.1" 400 84 "-" "PostmanRuntime/7.39.0" {"timestamp":"2024-06-18T06:32:29.509Z"}
error: Error creating new product: WHERE parameter "id" has invalid "undefined" value {"timestamp":"2024-06-18T06:35:20.221Z"}
info: ::1 - - [18/Jun/2024:06:35:20 +0000] "PUT /product/1 HTTP/1.1" 400 84 "-" "PostmanRuntime/7.39.0" {"timestamp":"2024-06-18T06:35:20.222Z"}
info: ::1 - - [18/Jun/2024:06:35:27 +0000] "PUT /product/1 HTTP/1.1" 200 390 "-" "PostmanRuntime/7.39.0" {"timestamp":"2024-06-18T06:35:27.709Z"}
info: ::1 - - [18/Jun/2024:06:37:44 +0000] "PUT /product/1 HTTP/1.1" 200 382 "-" "PostmanRuntime/7.39.0" {"timestamp":"2024-06-18T06:37:44.108Z"}
error: Error creating new product: WHERE parameter "id" has invalid "undefined" value {"timestamp":"2024-06-18T06:41:10.757Z"}
info: ::1 - - [18/Jun/2024:06:41:10 +0000] "DELETE /product/1 HTTP/1.1" 400 84 "-" "PostmanRuntime/7.39.0" {"timestamp":"2024-06-18T06:41:10.759Z"}
error: Error creating new product: WHERE parameter "id" has invalid "undefined" value {"timestamp":"2024-06-18T06:42:06.748Z"}
info: ::1 - - [18/Jun/2024:06:42:06 +0000] "DELETE /product/1 HTTP/1.1" 400 84 "-" "PostmanRuntime/7.39.0" {"timestamp":"2024-06-18T06:42:06.749Z"}
info: ::1 - - [18/Jun/2024:06:42:39 +0000] "DELETE /product/1 HTTP/1.1" 200 77 "-" "PostmanRuntime/7.39.0" {"timestamp":"2024-06-18T06:42:39.807Z"}
info: ::1 - - [18/Jun/2024:06:43:45 +0000] "GET /product/all HTTP/1.1" 200 2 "-" "PostmanRuntime/7.39.0" {"timestamp":"2024-06-18T06:43:45.868Z"}
warn: Product not found. {"timestamp":"2024-06-18T06:43:51.173Z"}
info: ::1 - - [18/Jun/2024:06:43:51 +0000] "GET /product/1 HTTP/1.1" 404 48 "-" "PostmanRuntime/7.39.0" {"timestamp":"2024-06-18T06:43:51.175Z"}
warn: Access token is missing. {"timestamp":"2024-06-18T07:29:23.678Z"}
info: ::1 - - [18/Jun/2024:07:29:23 +0000] "GET /product/all HTTP/1.1" 401 53 "-" "PostmanRuntime/7.39.0" {"timestamp":"2024-06-18T07:29:23.690Z"}
info: ::1 - - [18/Jun/2024:07:29:41 +0000] "POST /login HTTP/1.1" 200 539 "-" "PostmanRuntime/7.39.0" {"timestamp":"2024-06-18T07:29:41.654Z"}
error: Authentication error: jwt is not defined {"timestamp":"2024-06-18T07:29:59.631Z"}
info: ::1 - - [18/Jun/2024:07:29:59 +0000] "GET /product/all HTTP/1.1" 400 48 "-" "PostmanRuntime/7.39.0" {"timestamp":"2024-06-18T07:29:59.633Z"}
error: Authentication error: jwt is not defined {"timestamp":"2024-06-18T07:30:10.457Z"}
info: ::1 - - [18/Jun/2024:07:30:10 +0000] "GET /product/all HTTP/1.1" 400 48 "-" "PostmanRuntime/7.39.0" {"timestamp":"2024-06-18T07:30:10.458Z"}
info: ::1 - - [18/Jun/2024:07:31:42 +0000] "GET /product/all HTTP/1.1" 200 2 "-" "PostmanRuntime/7.39.0" {"timestamp":"2024-06-18T07:31:42.237Z"}
error: Authentication error: invalid token {"timestamp":"2024-06-18T07:31:48.841Z"}
info: ::1 - - [18/Jun/2024:07:31:48 +0000] "GET /product/all HTTP/1.1" 400 43 "-" "PostmanRuntime/7.39.0" {"timestamp":"2024-06-18T07:31:48.843Z"}
info: ::1 - - [18/Jun/2024:09:27:36 +0000] "POST /login HTTP/1.1" 200 539 "-" "PostmanRuntime/7.39.0" {"timestamp":"2024-06-18T09:27:36.842Z"}
info: ::1 - - [18/Jun/2024:09:27:52 +0000] "GET /product/all HTTP/1.1" 200 2 "-" "PostmanRuntime/7.39.0" {"timestamp":"2024-06-18T09:27:52.036Z"}
info: ::1 - - [18/Jun/2024:09:28:00 +0000] "POST /product/create HTTP/1.1" 200 377 "-" "PostmanRuntime/7.39.0" {"timestamp":"2024-06-18T09:28:00.524Z"}
info: ::1 - - [18/Jun/2024:09:28:05 +0000] "GET /product/all HTTP/1.1" 200 307 "-" "PostmanRuntime/7.39.0" {"timestamp":"2024-06-18T09:28:05.345Z"}
info: ::1 - - [18/Jun/2024:09:30:47 +0000] "GET /cart/insert HTTP/1.1" 404 150 "-" "PostmanRuntime/7.39.0" {"timestamp":"2024-06-18T09:30:47.808Z"}
info: ::1 - - [18/Jun/2024:09:31:15 +0000] "POST /cart/insert HTTP/1.1" 200 223 "-" "PostmanRuntime/7.39.0" {"timestamp":"2024-06-18T09:31:15.581Z"}
info: ::1 - - [18/Jun/2024:09:37:55 +0000] "DELETE /cart/delete/1 HTTP/1.1" 404 155 "-" "PostmanRuntime/7.39.0" {"timestamp":"2024-06-18T09:37:55.235Z"}
info: ::1 - - [18/Jun/2024:09:39:47 +0000] "DELETE /cart/delete/1 HTTP/1.1" 404 155 "-" "PostmanRuntime/7.39.0" {"timestamp":"2024-06-18T09:39:47.726Z"}
error: Authentication error: jwt expired {"timestamp":"2024-06-18T09:41:10.580Z"}
info: ::1 - - [18/Jun/2024:09:41:10 +0000] "DELETE /cart/delete/1 HTTP/1.1" 400 41 "-" "PostmanRuntime/7.39.0" {"timestamp":"2024-06-18T09:41:10.590Z"}
info: ::1 - - [18/Jun/2024:09:41:15 +0000] "POST /login HTTP/1.1" 200 539 "-" "PostmanRuntime/7.39.0" {"timestamp":"2024-06-18T09:41:15.852Z"}
info: ::1 - - [18/Jun/2024:09:41:26 +0000] "DELETE /cart/delete/1 HTTP/1.1" 200 81 "-" "PostmanRuntime/7.39.0" {"timestamp":"2024-06-18T09:41:26.258Z"}
info: ::1 - - [18/Jun/2024:09:41:41 +0000] "POST /cart/insert HTTP/1.1" 200 206 "-" "PostmanRuntime/7.39.0" {"timestamp":"2024-06-18T09:41:41.632Z"}
error: Authentication error: jwt expired {"timestamp":"2024-06-18T10:03:14.965Z"}
info: ::1 - - [18/Jun/2024:10:03:14 +0000] "POST /cart/insert HTTP/1.1" 400 41 "-" "PostmanRuntime/7.39.0" {"timestamp":"2024-06-18T10:03:14.978Z"}
info: ::1 - - [18/Jun/2024:10:03:55 +0000] "POST /login HTTP/1.1" 200 539 "-" "PostmanRuntime/7.39.0" {"timestamp":"2024-06-18T10:03:55.721Z"}
error: Error adding item to cart: quantity is not defined {"timestamp":"2024-06-18T10:04:11.936Z"}
info: ::1 - - [18/Jun/2024:10:04:11 +0000] "POST /cart/insert HTTP/1.1" 400 53 "-" "PostmanRuntime/7.39.0" {"timestamp":"2024-06-18T10:04:11.939Z"}
error: Error adding item to cart: invalid input syntax for type integer: "NaN" {"timestamp":"2024-06-18T10:04:51.022Z"}
info: ::1 - - [18/Jun/2024:10:04:51 +0000] "POST /cart/insert HTTP/1.1" 400 76 "-" "PostmanRuntime/7.39.0" {"timestamp":"2024-06-18T10:04:51.031Z"}
error: Error adding item to cart: invalid input syntax for type integer: "NaN" {"timestamp":"2024-06-18T10:05:51.773Z"}
info: ::1 - - [18/Jun/2024:10:05:51 +0000] "POST /cart/insert HTTP/1.1" 400 76 "-" "PostmanRuntime/7.39.0" {"timestamp":"2024-06-18T10:05:51.782Z"}
error: Authentication error: jwt expired {"timestamp":"2024-06-18T10:15:16.912Z"}
info: ::1 - - [18/Jun/2024:10:15:16 +0000] "POST /cart/insert HTTP/1.1" 400 41 "-" "PostmanRuntime/7.39.0" {"timestamp":"2024-06-18T10:15:16.919Z"}
info: ::1 - - [18/Jun/2024:10:15:21 +0000] "POST /login HTTP/1.1" 200 539 "-" "PostmanRuntime/7.39.0" {"timestamp":"2024-06-18T10:15:21.914Z"}
info: ::1 - - [18/Jun/2024:10:15:37 +0000] "POST /cart/insert HTTP/1.1" 200 216 "-" "PostmanRuntime/7.39.0" {"timestamp":"2024-06-18T10:15:37.229Z"}
